<?xml version="1.0" encoding="UTF-8"?>
<!-- Generated by org.testng.reporters.JUnitReportReporter -->
<testsuite skipped="0" hostname="DESKTOP-3C06P8T" name="com.testcases.FirstTest" tests="1" failures="0" timestamp="27 Oct 2020 13:14:50 GMT" time="9.387" errors="0">
  <testcase name="launchBrowser" time="9.387" classname="com.testcases.FirstTest"/>
</testsuite> <!-- com.testcases.FirstTest -->
